<?xml version="1.0" encoding="UTF-8"?>
<!-- Generated by org.testng.reporters.JUnitXMLReporter -->
<testsuite hostname="DELL-PC" ignored="0" name="SauceLabs" tests="4" failures="0" timestamp="2021-09-16T15:45:33 IST" time="34.07" errors="0">
  <testcase name="ProductDetails_Validation" time="8.265" classname="com.sauce.SauceDemo.SauceLabs"/>
  <testcase name="Product_Availability" time="6.75" classname="com.sauce.SauceDemo.SauceLabs"/>
  <testcase name="ProductPrice_Validation" time="8.009" classname="com.sauce.SauceDemo.SauceLabs"/>
  <testcase name="ErrorMessage_Validation" time="6.513" classname="com.sauce.SauceDemo.SauceLabs"/>
</testsuite> <!-- SauceLabs -->
