<?xml version="1.0" encoding="UTF-8"?>
<testng-results skipped="0" failed="0" ignored="0" total="4" passed="4">
  <reporter-output>
  </reporter-output>
  <suite name="name" duration-ms="34070" started-at="2021-09-16T15:44:59 IST" finished-at="2021-09-16T15:45:33 IST">
    <groups>
    </groups>
    <test name="SauceLabs" duration-ms="34070" started-at="2021-09-16T15:44:59 IST" finished-at="2021-09-16T15:45:33 IST">
      <class name="com.sauce.SauceDemo.SauceLabs">
        <test-method status="PASS" signature="sauce()[pri:0, instance:com.sauce.SauceDemo.SauceLabs@3b088d51]" name="sauce" is-config="true" duration-ms="18" started-at="2021-09-16T15:44:59 IST" finished-at="2021-09-16T15:44:59 IST">
          <reporter-output>
          </reporter-output>
        </test-method> <!-- sauce -->
        <test-method status="PASS" signature="ProductDetails_Validation(java.lang.String)[pri:1, instance:com.sauce.SauceDemo.SauceLabs@3b088d51]" name="ProductDetails_Validation" duration-ms="8265" started-at="2021-09-16T15:44:59 IST" finished-at="2021-09-16T15:45:08 IST">
          <params>
            <param index="0">
              <value>
                <![CDATA[Sauce Labs Backpack]]>
              </value>
            </param>
          </params>
          <reporter-output>
          </reporter-output>
        </test-method> <!-- ProductDetails_Validation -->
        <test-method status="PASS" signature="tearDown()[pri:0, instance:com.sauce.SauceDemo.SauceLabs@3b088d51]" name="tearDown" is-config="true" duration-ms="761" started-at="2021-09-16T15:45:08 IST" finished-at="2021-09-16T15:45:09 IST">
          <reporter-output>
          </reporter-output>
        </test-method> <!-- tearDown -->
        <test-method status="PASS" signature="Product_Availability(java.lang.String)[pri:2, instance:com.sauce.SauceDemo.SauceLabs@3b088d51]" name="Product_Availability" duration-ms="6750" started-at="2021-09-16T15:45:09 IST" finished-at="2021-09-16T15:45:15 IST">
          <params>
            <param index="0">
              <value>
                <![CDATA[Sauce Labs Bolt T-Shirt]]>
              </value>
            </param>
          </params>
          <reporter-output>
          </reporter-output>
        </test-method> <!-- Product_Availability -->
        <test-method status="PASS" signature="tearDown()[pri:0, instance:com.sauce.SauceDemo.SauceLabs@3b088d51]" name="tearDown" is-config="true" duration-ms="727" started-at="2021-09-16T15:45:16 IST" finished-at="2021-09-16T15:45:16 IST">
          <reporter-output>
          </reporter-output>
        </test-method> <!-- tearDown -->
        <test-method status="PASS" signature="ProductPrice_Validation()[pri:3, instance:com.sauce.SauceDemo.SauceLabs@3b088d51]" name="ProductPrice_Validation" duration-ms="8009" started-at="2021-09-16T15:45:16 IST" finished-at="2021-09-16T15:45:24 IST">
          <reporter-output>
          </reporter-output>
        </test-method> <!-- ProductPrice_Validation -->
        <test-method status="PASS" signature="tearDown()[pri:0, instance:com.sauce.SauceDemo.SauceLabs@3b088d51]" name="tearDown" is-config="true" duration-ms="788" started-at="2021-09-16T15:45:25 IST" finished-at="2021-09-16T15:45:26 IST">
          <reporter-output>
          </reporter-output>
        </test-method> <!-- tearDown -->
        <test-method status="PASS" signature="ErrorMessage_Validation()[pri:4, instance:com.sauce.SauceDemo.SauceLabs@3b088d51]" name="ErrorMessage_Validation" duration-ms="6513" started-at="2021-09-16T15:45:26 IST" finished-at="2021-09-16T15:45:32 IST">
          <reporter-output>
          </reporter-output>
        </test-method> <!-- ErrorMessage_Validation -->
        <test-method status="PASS" signature="tearDown()[pri:0, instance:com.sauce.SauceDemo.SauceLabs@3b088d51]" name="tearDown" is-config="true" duration-ms="841" started-at="2021-09-16T15:45:32 IST" finished-at="2021-09-16T15:45:33 IST">
          <reporter-output>
          </reporter-output>
        </test-method> <!-- tearDown -->
      </class> <!-- com.sauce.SauceDemo.SauceLabs -->
    </test> <!-- SauceLabs -->
  </suite> <!-- name -->
</testng-results>
